0 info it worked if it ends with ok
1 verbose cli [ 'C:\\Program Files\\nodejs\\node.exe',
1 verbose cli   'C:\\Program Files\\nodejs\\node_modules\\npm\\bin\\npm-cli.js',
1 verbose cli   'publish' ]
2 info using npm@3.10.10
3 info using node@v6.10.1
4 verbose publish [ '.' ]
5 silly cache add args [ '.', null ]
6 verbose cache add spec .
7 silly cache add parsed spec Result {
7 silly cache add   raw: '.',
7 silly cache add   scope: null,
7 silly cache add   escapedName: null,
7 silly cache add   name: null,
7 silly cache add   rawSpec: '.',
7 silly cache add   spec: 'C:\\xampp\\htdocs\\ng2-select-2',
7 silly cache add   type: 'directory' }
8 verbose addLocalDirectory C:\Users\BD1-Developer\AppData\Roaming\npm-cache\ng2-select-2\1.0.0\package.tgz not in flight; packing
9 verbose correctMkdir C:\Users\BD1-Developer\AppData\Roaming\npm-cache correctMkdir not in flight; initializing
10 info lifecycle ng2-select-2@1.0.0~prepublish: ng2-select-2@1.0.0
11 silly lifecycle ng2-select-2@1.0.0~prepublish: no script for prepublish, continuing
12 verbose tar pack [ 'C:\\Users\\BD1-Developer\\AppData\\Roaming\\npm-cache\\ng2-select-2\\1.0.0\\package.tgz',
12 verbose tar pack   'C:\\xampp\\htdocs\\ng2-select-2' ]
13 verbose tarball C:\Users\BD1-Developer\AppData\Roaming\npm-cache\ng2-select-2\1.0.0\package.tgz
14 verbose folder C:\xampp\htdocs\ng2-select-2
15 verbose addLocalTarball adding from inside cache C:\Users\BD1-Developer\AppData\Roaming\npm-cache\ng2-select-2\1.0.0\package.tgz
16 verbose correctMkdir C:\Users\BD1-Developer\AppData\Roaming\npm-cache correctMkdir not in flight; initializing
17 silly cache afterAdd ng2-select-2@1.0.0
18 verbose afterAdd C:\Users\BD1-Developer\AppData\Roaming\npm-cache\ng2-select-2\1.0.0\package\package.json not in flight; writing
19 verbose correctMkdir C:\Users\BD1-Developer\AppData\Roaming\npm-cache correctMkdir not in flight; initializing
20 verbose afterAdd C:\Users\BD1-Developer\AppData\Roaming\npm-cache\ng2-select-2\1.0.0\package\package.json written
21 silly publish { name: 'ng2-select-2',
21 silly publish   version: '1.0.0',
21 silly publish   description: 'Custom select for angular 2.',
21 silly publish   author: { name: 'Roberto Martins' },
21 silly publish   license: 'ISC',
21 silly publish   keywords: [ 'custom', 'angular 2', 'ng2', 'select' ],
21 silly publish   repository:
21 silly publish    { type: 'git',
21 silly publish      url: 'git+https://github.com/bertinho20/ng2-select-2.git' },
21 silly publish   dependencies:
21 silly publish    { '@angular/core': '~4.0.0',
21 silly publish      '@types/source-map': '^0.5.0',
21 silly publish      'core-js': '^2.4.1',
21 silly publish      rxjs: '5.0.1',
21 silly publish      'zone.js': '^0.8.4' },
21 silly publish   devDependencies:
21 silly publish    { '@angular/compiler': '^4.1.3',
21 silly publish      '@angular/compiler-cli': '^4.1.3',
21 silly publish      '@types/core-js': '^0.9.41',
21 silly publish      '@types/node': '^7.0.22',
21 silly publish      rollup: '^0.41.6',
21 silly publish      typescript: '^2.3.3',
21 silly publish      'uglify-js': '^3.0.13' },
21 silly publish   readme: '# ng2-select-2\n\nComponente angular 2 customizado baseado no select2.\n\n## Instalação\n\n```\nnpm install ng2-select-2\n```\n\n## Implementação\n\nImporte a diretiva dentro do módulo que deseja fazer uso:\n\n```\nimport { SelectCustomModule } from \'ng2-select-2\';\n \n@NgModule({\n  imports: [\n    ....,\n    SelectCustomModule\n  ],\n  ...\n})\n```\n\nExemplo de como deve ser usado no projeto.\n\n``` \n<select-custom [dados]="exampleData"></select-custom>\n```\n',
21 silly publish   readmeFilename: 'README.md',
21 silly publish   gitHead: '8e849f35d270d6cbaf51f7aa90385dcd2c33fe46',
21 silly publish   bugs: { url: 'https://github.com/bertinho20/ng2-select-2/issues' },
21 silly publish   homepage: 'https://github.com/bertinho20/ng2-select-2#readme',
21 silly publish   _id: 'ng2-select-2@1.0.0',
21 silly publish   scripts: {},
21 silly publish   _shasum: '17f74a11ae587c06628a4e8cf526d07e981dd136',
21 silly publish   _from: '.' }
22 verbose getPublishConfig undefined
23 silly mapToRegistry name ng2-select-2
24 silly mapToRegistry using default registry
25 silly mapToRegistry registry https://registry.npmjs.org/
26 silly mapToRegistry data Result {
26 silly mapToRegistry   raw: 'ng2-select-2',
26 silly mapToRegistry   scope: null,
26 silly mapToRegistry   escapedName: 'ng2-select-2',
26 silly mapToRegistry   name: 'ng2-select-2',
26 silly mapToRegistry   rawSpec: '',
26 silly mapToRegistry   spec: 'latest',
26 silly mapToRegistry   type: 'tag' }
27 silly mapToRegistry uri https://registry.npmjs.org/ng2-select-2
28 verbose publish registryBase https://registry.npmjs.org/
29 silly publish uploading C:\Users\BD1-Developer\AppData\Roaming\npm-cache\ng2-select-2\1.0.0\package.tgz
30 verbose request uri https://registry.npmjs.org/ng2-select-2
31 verbose request sending authorization for write operation
32 info attempt registry request try #1 at 14:47:37
33 verbose request using bearer token for auth
34 verbose request id 6423001ebde65563
35 http request PUT https://registry.npmjs.org/ng2-select-2
36 http 403 https://registry.npmjs.org/ng2-select-2
37 verbose headers { 'content-type': 'application/json',
37 verbose headers   'cache-control': 'max-age=300',
37 verbose headers   'content-length': '91',
37 verbose headers   'accept-ranges': 'bytes',
37 verbose headers   date: 'Fri, 01 Dec 2017 16:47:37 GMT',
37 verbose headers   via: '1.1 varnish',
37 verbose headers   connection: 'keep-alive',
37 verbose headers   'x-served-by': 'cache-gru17125-GRU',
37 verbose headers   'x-cache': 'MISS',
37 verbose headers   'x-cache-hits': '0',
37 verbose headers   'x-timer': 'S1512146857.513707,VS0,VE1317',
37 verbose headers   vary: 'Accept-Encoding, Accept' }
38 verbose request invalidating C:\Users\BD1-Developer\AppData\Roaming\npm-cache\registry.npmjs.org\ng2-select-2 on PUT
39 error publish Failed PUT 403
40 verbose stack Error: You cannot publish over the previously published version 1.0.0. : ng2-select-2
40 verbose stack     at makeError (C:\Program Files\nodejs\node_modules\npm\node_modules\npm-registry-client\lib\request.js:302:12)
40 verbose stack     at CachingRegistryClient.<anonymous> (C:\Program Files\nodejs\node_modules\npm\node_modules\npm-registry-client\lib\request.js:290:14)
40 verbose stack     at Request._callback (C:\Program Files\nodejs\node_modules\npm\node_modules\npm-registry-client\lib\request.js:210:14)
40 verbose stack     at Request.self.callback (C:\Program Files\nodejs\node_modules\npm\node_modules\request\request.js:187:22)
40 verbose stack     at emitTwo (events.js:106:13)
40 verbose stack     at Request.emit (events.js:191:7)
40 verbose stack     at Request.<anonymous> (C:\Program Files\nodejs\node_modules\npm\node_modules\request\request.js:1048:10)
40 verbose stack     at emitOne (events.js:96:13)
40 verbose stack     at Request.emit (events.js:188:7)
40 verbose stack     at IncomingMessage.<anonymous> (C:\Program Files\nodejs\node_modules\npm\node_modules\request\request.js:969:12)
41 verbose statusCode 403
42 verbose pkgid ng2-select-2
43 verbose cwd C:\xampp\htdocs\ng2-select-2
44 error Windows_NT 10.0.14393
45 error argv "C:\\Program Files\\nodejs\\node.exe" "C:\\Program Files\\nodejs\\node_modules\\npm\\bin\\npm-cli.js" "publish"
46 error node v6.10.1
47 error npm  v3.10.10
48 error code E403
49 error You cannot publish over the previously published version 1.0.0. : ng2-select-2
50 error If you need help, you may report this error at:
50 error     <https://github.com/npm/npm/issues>
51 verbose exit [ 1, true ]
